<?xml version="1.0" encoding="UTF-8"?>
<!-- Generated by org.testng.reporters.JUnitXMLReporter -->
<testsuite ignored="0" hostname="Sourabh" failures="0" tests="4" name="Default test" time="21.526" errors="0" timestamp="2026-02-08T20:31:05 IST">
  <testcase classname="Assingments.Assingments.TAss01" name="Downloads" time="0.918"/>
  <testcase classname="Assingments.Assingments.TAss01" name="Documentation" time="0.568"/>
  <testcase classname="Assingments.Assingments.TAss01" name="Projects" time="1.184"/>
  <testcase classname="Assingments.Assingments.TAss01" name="Support" time="0.775"/>
</testsuite> <!-- Default test -->
