<?xml version="1.0" encoding="UTF-8"?>
<!-- Generated by org.testng.reporters.JUnitXMLReporter -->
<testsuite ignored="0" hostname="Sourabh" failures="0" tests="5" name="Default test" time="0.179" errors="0" timestamp="2026-02-21T16:09:29 IST">
  <testcase classname="Assingments.Assingments.TAss04" name="CreateExcel" time="0.02"/>
  <testcase classname="Assingments.Assingments.TAss04" name="CreateExcel" time="0.021"/>
  <testcase classname="Assingments.Assingments.TAss04" name="CreateExcel" time="0.003"/>
  <testcase classname="Assingments.Assingments.TAss04" name="CreateExcel" time="0.002"/>
  <testcase classname="Assingments.Assingments.TAss04" name="CreateExcel" time="0.103"/>
</testsuite> <!-- Default test -->
