<?xml version="1.0" encoding="UTF-8"?>
<testng-results ignored="0" total="4" passed="4" failed="0" skipped="0">
  <reporter-output>
  </reporter-output>
  <suite started-at="2026-03-03T18:57:51 IST" name="Default suite" finished-at="2026-03-03T18:57:51 IST" duration-ms="45">
    <groups>
    </groups>
    <test started-at="2026-03-03T18:57:51 IST" name="Default test" finished-at="2026-03-03T18:57:51 IST" duration-ms="45">
      <class name="ClassDemos.DemoTests">
        <test-method is-config="true" signature="BT()[pri:0, instance:ClassDemos.DemoTests@3023df74]" started-at="2026-03-03T18:57:51 IST" name="BT" finished-at="2026-03-03T18:57:51 IST" duration-ms="7" status="PASS">
          <reporter-output>
          </reporter-output>
        </test-method> <!-- BT -->
        <test-method is-config="true" signature="Before2()[pri:0, instance:ClassDemos.DemoTests@3023df74]" started-at="2026-03-03T18:57:51 IST" name="Before2" finished-at="2026-03-03T18:57:51 IST" duration-ms="1" status="PASS">
          <reporter-output>
          </reporter-output>
        </test-method> <!-- Before2 -->
        <test-method signature="test1()[pri:0, instance:ClassDemos.DemoTests@3023df74]" started-at="2026-03-03T18:57:51 IST" name="test1" finished-at="2026-03-03T18:57:51 IST" duration-ms="5" status="PASS">
          <reporter-output>
          </reporter-output>
        </test-method> <!-- test1 -->
        <test-method is-config="true" signature="Before550()[pri:0, instance:ClassDemos.DemoTests@3023df74]" started-at="2026-03-03T18:57:51 IST" name="Before550" finished-at="2026-03-03T18:57:51 IST" duration-ms="0" status="PASS">
          <reporter-output>
          </reporter-output>
        </test-method> <!-- Before550 -->
        <test-method is-config="true" signature="After1()[pri:0, instance:ClassDemos.DemoTests@3023df74]" started-at="2026-03-03T18:57:51 IST" name="After1" finished-at="2026-03-03T18:57:51 IST" duration-ms="0" status="PASS">
          <reporter-output>
          </reporter-output>
        </test-method> <!-- After1 -->
        <test-method is-config="true" signature="After2()[pri:0, instance:ClassDemos.DemoTests@3023df74]" started-at="2026-03-03T18:57:51 IST" name="After2" finished-at="2026-03-03T18:57:51 IST" duration-ms="0" status="PASS">
          <reporter-output>
          </reporter-output>
        </test-method> <!-- After2 -->
        <test-method is-config="true" signature="Before550()[pri:0, instance:ClassDemos.DemoTests@3023df74]" started-at="2026-03-03T18:57:51 IST" name="Before550" finished-at="2026-03-03T18:57:51 IST" duration-ms="0" status="PASS">
          <reporter-output>
          </reporter-output>
        </test-method> <!-- Before550 -->
        <test-method is-config="true" signature="Before2()[pri:0, instance:ClassDemos.DemoTests@3023df74]" started-at="2026-03-03T18:57:51 IST" name="Before2" finished-at="2026-03-03T18:57:51 IST" duration-ms="0" status="PASS">
          <reporter-output>
          </reporter-output>
        </test-method> <!-- Before2 -->
        <test-method signature="test2()[pri:0, instance:ClassDemos.DemoTests@3023df74]" started-at="2026-03-03T18:57:51 IST" name="test2" finished-at="2026-03-03T18:57:51 IST" duration-ms="1" status="PASS">
          <reporter-output>
          </reporter-output>
        </test-method> <!-- test2 -->
        <test-method is-config="true" signature="After2()[pri:0, instance:ClassDemos.DemoTests@3023df74]" started-at="2026-03-03T18:57:51 IST" name="After2" finished-at="2026-03-03T18:57:51 IST" duration-ms="0" status="PASS">
          <reporter-output>
          </reporter-output>
        </test-method> <!-- After2 -->
        <test-method is-config="true" signature="After1()[pri:0, instance:ClassDemos.DemoTests@3023df74]" started-at="2026-03-03T18:57:51 IST" name="After1" finished-at="2026-03-03T18:57:51 IST" duration-ms="0" status="PASS">
          <reporter-output>
          </reporter-output>
        </test-method> <!-- After1 -->
        <test-method signature="test3()[pri:0, instance:ClassDemos.DemoTests@3023df74]" started-at="2026-03-03T18:57:51 IST" name="test3" finished-at="2026-03-03T18:57:51 IST" duration-ms="1" status="PASS">
          <reporter-output>
          </reporter-output>
        </test-method> <!-- test3 -->
        <test-method is-config="true" signature="Before550()[pri:0, instance:ClassDemos.DemoTests@3023df74]" started-at="2026-03-03T18:57:51 IST" name="Before550" finished-at="2026-03-03T18:57:51 IST" duration-ms="0" status="PASS">
          <reporter-output>
          </reporter-output>
        </test-method> <!-- Before550 -->
        <test-method is-config="true" signature="Before2()[pri:0, instance:ClassDemos.DemoTests@3023df74]" started-at="2026-03-03T18:57:51 IST" name="Before2" finished-at="2026-03-03T18:57:51 IST" duration-ms="0" status="PASS">
          <reporter-output>
          </reporter-output>
        </test-method> <!-- Before2 -->
        <test-method is-config="true" signature="After1()[pri:0, instance:ClassDemos.DemoTests@3023df74]" started-at="2026-03-03T18:57:51 IST" name="After1" finished-at="2026-03-03T18:57:51 IST" duration-ms="0" status="PASS">
          <reporter-output>
          </reporter-output>
        </test-method> <!-- After1 -->
        <test-method is-config="true" signature="After2()[pri:0, instance:ClassDemos.DemoTests@3023df74]" started-at="2026-03-03T18:57:51 IST" name="After2" finished-at="2026-03-03T18:57:51 IST" duration-ms="0" status="PASS">
          <reporter-output>
          </reporter-output>
        </test-method> <!-- After2 -->
        <test-method is-config="true" signature="Before2()[pri:0, instance:ClassDemos.DemoTests@3023df74]" started-at="2026-03-03T18:57:51 IST" name="Before2" finished-at="2026-03-03T18:57:51 IST" duration-ms="1" status="PASS">
          <reporter-output>
          </reporter-output>
        </test-method> <!-- Before2 -->
        <test-method signature="test4()[pri:0, instance:ClassDemos.DemoTests@3023df74]" started-at="2026-03-03T18:57:51 IST" name="test4" finished-at="2026-03-03T18:57:51 IST" duration-ms="1" status="PASS">
          <reporter-output>
          </reporter-output>
        </test-method> <!-- test4 -->
        <test-method is-config="true" signature="Before550()[pri:0, instance:ClassDemos.DemoTests@3023df74]" started-at="2026-03-03T18:57:51 IST" name="Before550" finished-at="2026-03-03T18:57:51 IST" duration-ms="0" status="PASS">
          <reporter-output>
          </reporter-output>
        </test-method> <!-- Before550 -->
        <test-method is-config="true" signature="After1()[pri:0, instance:ClassDemos.DemoTests@3023df74]" started-at="2026-03-03T18:57:51 IST" name="After1" finished-at="2026-03-03T18:57:51 IST" duration-ms="1" status="PASS">
          <reporter-output>
          </reporter-output>
        </test-method> <!-- After1 -->
        <test-method is-config="true" signature="After2()[pri:0, instance:ClassDemos.DemoTests@3023df74]" started-at="2026-03-03T18:57:51 IST" name="After2" finished-at="2026-03-03T18:57:51 IST" duration-ms="0" status="PASS">
          <reporter-output>
          </reporter-output>
        </test-method> <!-- After2 -->
      </class> <!-- ClassDemos.DemoTests -->
    </test> <!-- Default test -->
  </suite> <!-- Default suite -->
</testng-results>
