<?xml version="1.0" encoding="UTF-8"?>
<!-- Generated by org.testng.reporters.JUnitReportReporter -->
<testsuite hostname="Sourabh" failures="0" tests="4" name="Assingments.Assingments.TAss01" time="19.582" errors="0" timestamp="2026-02-08T20:31:05 IST" skipped="0">
  <testcase classname="Assingments.Assingments.TAss01" name="Downloads" time="4.949"/>
  <testcase classname="Assingments.Assingments.TAss01" name="Documentation" time="4.607"/>
  <testcase classname="Assingments.Assingments.TAss01" name="Projects" time="5.225"/>
  <testcase classname="Assingments.Assingments.TAss01" name="Support" time="4.801"/>
</testsuite> <!-- Assingments.Assingments.TAss01 -->
