<?xml version="1.0" encoding="UTF-8"?>
<!-- Generated by org.testng.reporters.JUnitReportReporter -->
<testsuite hostname="Sourabh" failures="0" tests="5" name="Assingments.Assingments.TAss04" time="0.149" errors="0" timestamp="2026-02-21T16:09:29 IST" skipped="0">
  <testcase classname="Assingments.Assingments.TAss04" name="CreateExcel" time="0.020"/>
  <testcase classname="Assingments.Assingments.TAss04" name="CreateExcel" time="0.103"/>
  <testcase classname="Assingments.Assingments.TAss04" name="CreateExcel" time="0.003"/>
  <testcase classname="Assingments.Assingments.TAss04" name="CreateExcel" time="0.002"/>
  <testcase classname="Assingments.Assingments.TAss04" name="CreateExcel" time="0.021"/>
</testsuite> <!-- Assingments.Assingments.TAss04 -->
