<?xml version="1.0" encoding="UTF-8"?>
<!-- Generated by org.testng.reporters.JUnitReportReporter -->
<testsuite hostname="Sourabh" failures="0" tests="2" name="Assingments.Assingments.TA03TestClass" time="8.793" errors="0" timestamp="2026-02-15T18:31:46 IST" skipped="0">
  <testcase classname="Assingments.Assingments.TA03TestClass" name="adminLogIn" time="0.726"/>
  <testcase classname="Assingments.Assingments.TA03TestClass" name="createnewUser" time="8.067"/>
</testsuite> <!-- Assingments.Assingments.TA03TestClass -->
