<?xml version="1.0" encoding="UTF-8"?>
<!-- Generated by org.testng.reporters.JUnitReportReporter -->
<testsuite hostname="Sourabh" failures="0" tests="4" name="ClassDemos.DemoTests" time="0.011" errors="0" timestamp="2026-03-03T18:57:52 IST" skipped="0">
  <testcase classname="ClassDemos.DemoTests" name="test3" time="0.001"/>
  <testcase classname="ClassDemos.DemoTests" name="test2" time="0.002"/>
  <testcase classname="ClassDemos.DemoTests" name="test1" time="0.006"/>
  <testcase classname="ClassDemos.DemoTests" name="test4" time="0.002"/>
</testsuite> <!-- ClassDemos.DemoTests -->
