<?xml version="1.0" encoding="UTF-8"?>
<testng-results ignored="0" total="4" passed="4" failed="0" skipped="0">
  <reporter-output>
  </reporter-output>
  <suite started-at="2026-02-08T20:30:44 IST" name="Default suite" finished-at="2026-02-08T20:31:05 IST" duration-ms="21526">
    <groups>
    </groups>
    <test started-at="2026-02-08T20:30:44 IST" name="Default test" finished-at="2026-02-08T20:31:05 IST" duration-ms="21526">
      <class name="Assingments.Assingments.TAss01">
        <test-method is-config="true" signature="beforeTest()[pri:0, instance:Assingments.Assingments.TAss01@185a6e9]" started-at="2026-02-08T20:30:44 IST" name="beforeTest" finished-at="2026-02-08T20:30:46 IST" duration-ms="1760" status="PASS">
          <reporter-output>
          </reporter-output>
        </test-method> <!-- beforeTest -->
        <test-method is-config="true" signature="beforeMethod()[pri:0, instance:Assingments.Assingments.TAss01@185a6e9]" started-at="2026-02-08T20:30:46 IST" name="beforeMethod" finished-at="2026-02-08T20:30:48 IST" duration-ms="2007" status="PASS">
          <reporter-output>
          </reporter-output>
        </test-method> <!-- beforeMethod -->
        <test-method signature="Downloads()[pri:1, instance:Assingments.Assingments.TAss01@185a6e9]" started-at="2026-02-08T20:30:48 IST" name="Downloads" finished-at="2026-02-08T20:30:49 IST" duration-ms="918" status="PASS">
          <reporter-output>
          </reporter-output>
        </test-method> <!-- Downloads -->
        <test-method is-config="true" signature="afterMethod()[pri:0, instance:Assingments.Assingments.TAss01@185a6e9]" started-at="2026-02-08T20:30:49 IST" name="afterMethod" finished-at="2026-02-08T20:30:51 IST" duration-ms="2014" status="PASS">
          <reporter-output>
          </reporter-output>
        </test-method> <!-- afterMethod -->
        <test-method is-config="true" signature="beforeMethod()[pri:0, instance:Assingments.Assingments.TAss01@185a6e9]" started-at="2026-02-08T20:30:51 IST" name="beforeMethod" finished-at="2026-02-08T20:30:53 IST" duration-ms="2025" status="PASS">
          <reporter-output>
          </reporter-output>
        </test-method> <!-- beforeMethod -->
        <test-method signature="Documentation()[pri:2, instance:Assingments.Assingments.TAss01@185a6e9]" started-at="2026-02-08T20:30:53 IST" name="Documentation" finished-at="2026-02-08T20:30:53 IST" duration-ms="568" status="PASS">
          <reporter-output>
          </reporter-output>
        </test-method> <!-- Documentation -->
        <test-method is-config="true" signature="afterMethod()[pri:0, instance:Assingments.Assingments.TAss01@185a6e9]" started-at="2026-02-08T20:30:53 IST" name="afterMethod" finished-at="2026-02-08T20:30:55 IST" duration-ms="2019" status="PASS">
          <reporter-output>
          </reporter-output>
        </test-method> <!-- afterMethod -->
        <test-method is-config="true" signature="beforeMethod()[pri:0, instance:Assingments.Assingments.TAss01@185a6e9]" started-at="2026-02-08T20:30:55 IST" name="beforeMethod" finished-at="2026-02-08T20:30:57 IST" duration-ms="2021" status="PASS">
          <reporter-output>
          </reporter-output>
        </test-method> <!-- beforeMethod -->
        <test-method signature="Projects()[pri:3, instance:Assingments.Assingments.TAss01@185a6e9]" started-at="2026-02-08T20:30:57 IST" name="Projects" finished-at="2026-02-08T20:30:58 IST" duration-ms="1184" status="PASS">
          <reporter-output>
          </reporter-output>
        </test-method> <!-- Projects -->
        <test-method is-config="true" signature="afterMethod()[pri:0, instance:Assingments.Assingments.TAss01@185a6e9]" started-at="2026-02-08T20:30:58 IST" name="afterMethod" finished-at="2026-02-08T20:31:00 IST" duration-ms="2012" status="PASS">
          <reporter-output>
          </reporter-output>
        </test-method> <!-- afterMethod -->
        <test-method is-config="true" signature="beforeMethod()[pri:0, instance:Assingments.Assingments.TAss01@185a6e9]" started-at="2026-02-08T20:31:00 IST" name="beforeMethod" finished-at="2026-02-08T20:31:02 IST" duration-ms="2019" status="PASS">
          <reporter-output>
          </reporter-output>
        </test-method> <!-- beforeMethod -->
        <test-method signature="Support()[pri:4, instance:Assingments.Assingments.TAss01@185a6e9]" started-at="2026-02-08T20:31:02 IST" name="Support" finished-at="2026-02-08T20:31:03 IST" duration-ms="775" status="PASS">
          <reporter-output>
          </reporter-output>
        </test-method> <!-- Support -->
        <test-method is-config="true" signature="afterMethod()[pri:0, instance:Assingments.Assingments.TAss01@185a6e9]" started-at="2026-02-08T20:31:03 IST" name="afterMethod" finished-at="2026-02-08T20:31:05 IST" duration-ms="2020" status="PASS">
          <reporter-output>
          </reporter-output>
        </test-method> <!-- afterMethod -->
        <test-method is-config="true" signature="afterTest()[pri:0, instance:Assingments.Assingments.TAss01@185a6e9]" started-at="2026-02-08T20:31:05 IST" name="afterTest" finished-at="2026-02-08T20:31:05 IST" duration-ms="158" status="PASS">
          <reporter-output>
          </reporter-output>
        </test-method> <!-- afterTest -->
      </class> <!-- Assingments.Assingments.TAss01 -->
    </test> <!-- Default test -->
  </suite> <!-- Default suite -->
</testng-results>
