<?xml version="1.0" encoding="UTF-8"?>
<testng-results ignored="0" total="5" passed="5" failed="0" skipped="0">
  <reporter-output>
  </reporter-output>
  <suite started-at="2026-02-21T16:09:28 IST" name="Default suite" finished-at="2026-02-21T16:09:29 IST" duration-ms="179">
    <groups>
    </groups>
    <test started-at="2026-02-21T16:09:28 IST" name="Default test" finished-at="2026-02-21T16:09:29 IST" duration-ms="179">
      <class name="Assingments.Assingments.TAss04">
        <test-method signature="CreateExcel(java.lang.String,java.lang.String,java.lang.String)[pri:0, instance:Assingments.Assingments.TAss04@23bff419]" started-at="2026-02-21T16:09:28 IST" name="CreateExcel" data-provider="LoginData" finished-at="2026-02-21T16:09:28 IST" duration-ms="20" status="PASS">
          <params>
            <param index="0">
              <value>
                <![CDATA[admin]]>
              </value>
            </param>
            <param index="1">
              <value>
                <![CDATA[admin123]]>
              </value>
            </param>
            <param index="2">
              <value>
                <![CDATA[Not Run]]>
              </value>
            </param>
          </params>
          <reporter-output>
          </reporter-output>
        </test-method> <!-- CreateExcel -->
        <test-method signature="CreateExcel(java.lang.String,java.lang.String,java.lang.String)[pri:0, instance:Assingments.Assingments.TAss04@23bff419]" started-at="2026-02-21T16:09:28 IST" name="CreateExcel" data-provider="LoginData" finished-at="2026-02-21T16:09:28 IST" duration-ms="21" status="PASS">
          <params>
            <param index="0">
              <value>
                <![CDATA[sourabh]]>
              </value>
            </param>
            <param index="1">
              <value>
                <![CDATA[sourabh123]]>
              </value>
            </param>
            <param index="2">
              <value>
                <![CDATA[ Run]]>
              </value>
            </param>
          </params>
          <reporter-output>
          </reporter-output>
        </test-method> <!-- CreateExcel -->
        <test-method signature="CreateExcel(java.lang.String,java.lang.String,java.lang.String)[pri:0, instance:Assingments.Assingments.TAss04@23bff419]" started-at="2026-02-21T16:09:28 IST" name="CreateExcel" data-provider="LoginData" finished-at="2026-02-21T16:09:28 IST" duration-ms="3" status="PASS">
          <params>
            <param index="0">
              <value>
                <![CDATA[saba]]>
              </value>
            </param>
            <param index="1">
              <value>
                <![CDATA[saba123]]>
              </value>
            </param>
            <param index="2">
              <value>
                <![CDATA[Not Run]]>
              </value>
            </param>
          </params>
          <reporter-output>
          </reporter-output>
        </test-method> <!-- CreateExcel -->
        <test-method signature="CreateExcel(java.lang.String,java.lang.String,java.lang.String)[pri:0, instance:Assingments.Assingments.TAss04@23bff419]" started-at="2026-02-21T16:09:28 IST" name="CreateExcel" data-provider="LoginData" finished-at="2026-02-21T16:09:28 IST" duration-ms="2" status="PASS">
          <params>
            <param index="0">
              <value>
                <![CDATA[sachin]]>
              </value>
            </param>
            <param index="1">
              <value>
                <![CDATA[sachin23]]>
              </value>
            </param>
            <param index="2">
              <value>
                <![CDATA[ Run]]>
              </value>
            </param>
          </params>
          <reporter-output>
          </reporter-output>
        </test-method> <!-- CreateExcel -->
        <test-method signature="CreateExcel(java.lang.String,java.lang.String,java.lang.String)[pri:0, instance:Assingments.Assingments.TAss04@23bff419]" started-at="2026-02-21T16:09:28 IST" name="CreateExcel" data-provider="LoginData" finished-at="2026-02-21T16:09:29 IST" duration-ms="103" status="PASS">
          <params>
            <param index="0">
              <value>
                <![CDATA[akshay]]>
              </value>
            </param>
            <param index="1">
              <value>
                <![CDATA[akshay123]]>
              </value>
            </param>
            <param index="2">
              <value>
                <![CDATA[Not Run]]>
              </value>
            </param>
          </params>
          <reporter-output>
          </reporter-output>
        </test-method> <!-- CreateExcel -->
      </class> <!-- Assingments.Assingments.TAss04 -->
    </test> <!-- Default test -->
  </suite> <!-- Default suite -->
</testng-results>
