<?xml version="1.0" encoding="UTF-8"?>
<!-- Generated by org.testng.reporters.JUnitXMLReporter -->
<testsuite ignored="0" hostname="Sourabh" failures="0" tests="4" name="Default test" time="0.045" errors="0" timestamp="2026-03-03T18:57:51 IST">
  <testcase classname="ClassDemos.DemoTests" name="test1" time="0.005"/>
  <testcase classname="ClassDemos.DemoTests" name="test2" time="0.001"/>
  <testcase classname="ClassDemos.DemoTests" name="test3" time="0.001"/>
  <testcase classname="ClassDemos.DemoTests" name="test4" time="0.001"/>
</testsuite> <!-- Default test -->
